<?xml version="1.0" encoding="UTF-8"?>
<!-- Generated by org.testng.reporters.JUnitXMLReporter -->
<testsuite hostname="VinodPaliwal" ignored="0" name="Cucumber Tests" tests="0" failures="0" timestamp="2021-08-04T18:21:50 IST" time="0.202" errors="0">
  <testcase name="@BeforeClass setUpClass" time="0.085" classname="io.cucumber.testng.AbstractTestNGCucumberTests">
    <failure type="cucumber.runtime.CucumberException" message="Couldn&amp;apos;t load plugin class: format = {&amp;quot;pretty&amp;quot;, &amp;quot;html">
      <![CDATA[cucumber.runtime.CucumberException: Couldn't load plugin class: format = {"pretty", "html
at cucumber.runtime.formatter.PluginFactory.loadClass(PluginFactory.java:181)
at cucumber.runtime.formatter.PluginFactory.pluginClass(PluginFactory.java:166)
at cucumber.runtime.formatter.PluginFactory.getPluginClass(PluginFactory.java:223)
at cucumber.runtime.formatter.PluginFactory.isStepDefinitionReporterName(PluginFactory.java:206)
at io.cucumber.core.options.RuntimeOptionsBuilder$ParsedPluginData.addPluginName(RuntimeOptionsBuilder.java:213)
at io.cucumber.core.options.RuntimeOptionsBuilder.addPluginName(RuntimeOptionsBuilder.java:61)
at io.cucumber.core.options.CucumberOptionsAnnotationParser.addPlugins(CucumberOptionsAnnotationParser.java:96)
at io.cucumber.core.options.CucumberOptionsAnnotationParser.parse(CucumberOptionsAnnotationParser.java:51)
at io.cucumber.testng.TestNGCucumberRunner.<init>(TestNGCucumberRunner.java:57)
at io.cucumber.testng.AbstractTestNGCucumberTests.setUpClass(AbstractTestNGCucumberTests.java:18)
at java.util.ArrayList.forEach(Unknown Source)
Caused by: java.lang.ClassNotFoundException: format = {"pretty", "html
at java.net.URLClassLoader.findClass(Unknown Source)
at java.lang.ClassLoader.loadClass(Unknown Source)
at sun.misc.Launcher$AppClassLoader.loadClass(Unknown Source)
at java.lang.ClassLoader.loadClass(Unknown Source)
at cucumber.runtime.formatter.PluginFactory.loadClass(PluginFactory.java:174)
... 35 more
... Removed 25 stack frames]]>
    </failure>
  </testcase> <!-- @BeforeClass setUpClass -->
</testsuite> <!-- Cucumber Tests -->
