<?xml version="1.0" encoding="UTF-8"?>
<testng-results skipped="0" failed="0" ignored="0" total="1" passed="1">
  <reporter-output>
  </reporter-output>
  <suite name="Default suite" duration-ms="9550" started-at="2021-08-04T18:40:04 IST" finished-at="2021-08-04T18:40:13 IST">
    <groups>
      <group name="cucumber">
        <method signature="AbstractTestNGCucumberTests.runScenario(io.cucumber.testng.PickleEventWrapper,io.cucumber.testng.CucumberFeatureWrapper)[pri:0, instance:runner.TestRunner@63440df3]" name="runScenario" class="io.cucumber.testng.AbstractTestNGCucumberTests"/>
      </group> <!-- cucumber -->
    </groups>
    <test name="Default test" duration-ms="9550" started-at="2021-08-04T18:40:04 IST" finished-at="2021-08-04T18:40:13 IST">
      <class name="runner.TestRunner">
        <test-method status="PASS" signature="setUpClass()[pri:0, instance:runner.TestRunner@63440df3]" name="setUpClass" is-config="true" duration-ms="391" started-at="2021-08-04T18:40:04 IST" finished-at="2021-08-04T18:40:04 IST">
          <reporter-output>
          </reporter-output>
        </test-method> <!-- setUpClass -->
        <test-method status="PASS" signature="runScenario(io.cucumber.testng.PickleEventWrapper,io.cucumber.testng.CucumberFeatureWrapper)[pri:0, instance:runner.TestRunner@63440df3]" name="runScenario" duration-ms="6234" started-at="2021-08-04T18:40:04 IST" description="Runs Cucumber Scenarios" data-provider="scenarios" finished-at="2021-08-04T18:40:10 IST">
          <params>
            <param index="0">
              <value>
                <![CDATA["Title of your scenario"]]>
              </value>
            </param>
            <param index="1">
              <value>
                <![CDATA["login"]]>
              </value>
            </param>
          </params>
          <reporter-output>
          </reporter-output>
        </test-method> <!-- runScenario -->
        <test-method status="PASS" signature="tearDownClass()[pri:0, instance:runner.TestRunner@63440df3]" name="tearDownClass" is-config="true" duration-ms="2671" started-at="2021-08-04T18:40:10 IST" finished-at="2021-08-04T18:40:13 IST">
          <reporter-output>
          </reporter-output>
        </test-method> <!-- tearDownClass -->
      </class> <!-- runner.TestRunner -->
    </test> <!-- Default test -->
  </suite> <!-- Default suite -->
</testng-results>
