-------------------------------------------------------------------------------
Test set: TestSuite
-------------------------------------------------------------------------------
Tests run: 1, Failures: 1, Errors: 0, Skipped: 0, Time elapsed: 4.194 s <<< FAILURE! - in TestSuite
setUpClass(runner.TestRunner)  Time elapsed: 3.491 s  <<< FAILURE!
java.lang.NoClassDefFoundError: cucumber/runtime/io/ResourceLoader
Caused by: java.lang.ClassNotFoundException: cucumber.runtime.io.ResourceLoader

